{
  "0 debug pnpm:scope": {
    "selected": 1
  },
  "1 error pnpm": {
    "code": "ELIFECYCLE",
    "errno": "ENOENT",
    "syscall": "spawn",
    "file": "sh",
    "pkgid": "remix-template-express@",
    "stage": "build",
    "script": "remix build",
    "pkgname": "remix-template-express",
    "err": {
      "name": "pnpm",
      "message": "remix-template-express@ build: `remix build`\nspawn ENOENT",
      "code": "ELIFECYCLE",
      "stack": "pnpm: remix-template-express@ build: `remix build`\nspawn ENOENT\n    at ChildProcess.<anonymous> (/home/rbl/pnpm-global/5/node_modules/.pnpm/pnpm@6.32.8/node_modules/pnpm/dist/pnpm.cjs:92348:22)\n    at ChildProcess.emit (node:events:527:28)\n    at maybeClose (node:internal/child_process:1090:16)\n    at Process.ChildProcess._handle.onexit (node:internal/child_process:302:5)"
    }
  },
  "2 warn pnpm:global": " Local package.json exists, but node_modules missing, did you mean to install?"
}